============================================================================================== 
Warning! Mixing Conda and module environments may lead to corruption of the
user environment. 
We do not recommend users mixing those two environments unless absolutely
necessary. Note that 
SURF does not provide any support for Conda environment.
For more information, please refer to our software policy page:
https://servicedesk.surf.nl/wiki/display/WIKI/Software+policy+Snellius#SoftwarepolicySnellius-UseofAnacondaandMinicondaenvironmentsonSnellius 

Remember that many packages have already been installed on the system and can
be loaded using 
the 'module load <package__name>' command. If you are uncertain if a package is
already available 
on the system, please use 'module avail' or 'module spider' to search for it.
============================================================================================== 
[rank: 0] Seed set to 13
Using bfloat16 Automatic Mixed Precision (AMP)
GPU available: True (cuda), used: True
TPU available: False, using: 0 TPU cores
wandb: WARNING The anonymous setting has no effect and will be removed in a future version.
wandb: Currently logged in as: coenvdelsen to https://api.wandb.ai. Use `wandb login --relogin` to force relogin
wandb: Tracking run with wandb version 0.23.1
wandb: Run data is saved locally in logs/wandb/run-20251217_092312-xqthj57y
wandb: Run `wandb offline` to turn off syncing.
wandb: Syncing run static-nll-3layer
wandb: â­ï¸ View project at https://wandb.ai/coenvdelsen/neural-field-superres
wandb: ðŸš€ View run at https://wandb.ai/coenvdelsen/neural-field-superres/runs/xqthj57y
LOCAL_RANK: 0 - CUDA_VISIBLE_DEVICES: [0]
/home/cvandenelsen/.local/lib/python3.11/site-packages/lightning/pytorch/utilities/model_summary/model_summary.py:242: Precision bf16-mixed is not supported by the model summary.  Estimated model size in MB will not be accurate. Using 32 bits instead.

  | Name       | Type                              | Params | Mode  | FLOPs
---------------------------------------------------------------------------------
0 | model      | NeuralFieldSuperRes               | 3.7 M  | train | 0    
1 | likelihood | HeteroscedasticGaussianLikelihood | 0      | train | 0    
---------------------------------------------------------------------------------
3.7 M     Trainable params
0         Non-trainable params
3.7 M     Total params
14.748    Total estimated model params size (MB)
32        Modules in train mode
0         Modules in eval mode
0         Total Flops
SLURM auto-requeueing enabled. Setting signal handlers.
Metric val/loss improved. New best score: -0.701
Metric val/loss improved by 0.042 >= min_delta = 0.0. New best score: -0.743
Metric val/loss improved by 0.114 >= min_delta = 0.0. New best score: -0.856
Metric val/loss improved by 0.207 >= min_delta = 0.0. New best score: -1.063
Metric val/loss improved by 0.109 >= min_delta = 0.0. New best score: -1.172
Metric val/loss improved by 0.028 >= min_delta = 0.0. New best score: -1.200
Metric val/loss improved by 0.028 >= min_delta = 0.0. New best score: -1.228
Metric val/loss improved by 0.044 >= min_delta = 0.0. New best score: -1.273
Metric val/loss improved by 0.066 >= min_delta = 0.0. New best score: -1.339
Metric val/loss improved by 0.061 >= min_delta = 0.0. New best score: -1.399
Metric val/loss improved by 0.001 >= min_delta = 0.0. New best score: -1.401
Metric val/loss improved by 0.011 >= min_delta = 0.0. New best score: -1.412
Metric val/loss improved by 0.002 >= min_delta = 0.0. New best score: -1.414
Metric val/loss improved by 0.017 >= min_delta = 0.0. New best score: -1.431
Metric val/loss improved by 0.014 >= min_delta = 0.0. New best score: -1.444
Metric val/loss improved by 0.001 >= min_delta = 0.0. New best score: -1.445
Metric val/loss improved by 0.005 >= min_delta = 0.0. New best score: -1.450
Metric val/loss improved by 0.004 >= min_delta = 0.0. New best score: -1.454
Metric val/loss improved by 0.005 >= min_delta = 0.0. New best score: -1.459
Metric val/loss improved by 0.002 >= min_delta = 0.0. New best score: -1.461
`Trainer.fit` stopped: `max_epochs=100` reached.
