============================================================================================== 
Warning! Mixing Conda and module environments may lead to corruption of the
user environment. 
We do not recommend users mixing those two environments unless absolutely
necessary. Note that 
SURF does not provide any support for Conda environment.
For more information, please refer to our software policy page:
https://servicedesk.surf.nl/wiki/display/WIKI/Software+policy+Snellius#SoftwarepolicySnellius-UseofAnacondaandMinicondaenvironmentsonSnellius 

Remember that many packages have already been installed on the system and can
be loaded using 
the 'module load <package__name>' command. If you are uncertain if a package is
already available 
on the system, please use 'module avail' or 'module spider' to search for it.
============================================================================================== 
From https://github.com/CoenvdE/Neural-Field-Superres
   dc0d24d..3afd660  main       -> origin/main
[rank: 0] Seed set to 13
Using bfloat16 Automatic Mixed Precision (AMP)
GPU available: True (cuda), used: True
TPU available: False, using: 0 TPU cores
wandb: WARNING The anonymous setting has no effect and will be removed in a future version.
wandb: Currently logged in as: coenvdelsen to https://api.wandb.ai. Use `wandb login --relogin` to force relogin
wandb: Tracking run with wandb version 0.23.1
wandb: Run data is saved locally in logs/wandb/run-20251217_092305-q64mt0fr
wandb: Run `wandb offline` to turn off syncing.
wandb: Syncing run static-mse-3layer
wandb: â­ï¸ View project at https://wandb.ai/coenvdelsen/neural-field-superres
wandb: ðŸš€ View run at https://wandb.ai/coenvdelsen/neural-field-superres/runs/q64mt0fr
/home/cvandenelsen/.local/lib/python3.11/site-packages/lightning/pytorch/callbacks/model_checkpoint.py:881: Checkpoint directory /gpfs/home6/cvandenelsen/Neural-Field-Superres/checkpoints/exp_static_mse exists and is not empty.
LOCAL_RANK: 0 - CUDA_VISIBLE_DEVICES: [0]
/home/cvandenelsen/.local/lib/python3.11/site-packages/lightning/pytorch/utilities/model_summary/model_summary.py:242: Precision bf16-mixed is not supported by the model summary.  Estimated model size in MB will not be accurate. Using 32 bits instead.

  | Name    | Type                | Params | Mode  | FLOPs
----------------------------------------------------------------
0 | model   | NeuralFieldSuperRes | 3.7 M  | train | 0    
1 | loss_fn | MSELoss             | 0      | train | 0    
----------------------------------------------------------------
3.7 M     Trainable params
0         Non-trainable params
3.7 M     Total params
14.744    Total estimated model params size (MB)
32        Modules in train mode
0         Modules in eval mode
0         Total Flops
SLURM auto-requeueing enabled. Setting signal handlers.
Metric val/loss improved. New best score: 0.025
Metric val/loss improved by 0.011 >= min_delta = 0.0. New best score: 0.014
Metric val/loss improved by 0.001 >= min_delta = 0.0. New best score: 0.013
Metric val/loss improved by 0.001 >= min_delta = 0.0. New best score: 0.013
Metric val/loss improved by 0.004 >= min_delta = 0.0. New best score: 0.008
Metric val/loss improved by 0.001 >= min_delta = 0.0. New best score: 0.008
Metric val/loss improved by 0.000 >= min_delta = 0.0. New best score: 0.008
Metric val/loss improved by 0.001 >= min_delta = 0.0. New best score: 0.007
Metric val/loss improved by 0.000 >= min_delta = 0.0. New best score: 0.007
Metric val/loss improved by 0.000 >= min_delta = 0.0. New best score: 0.006
Metric val/loss improved by 0.000 >= min_delta = 0.0. New best score: 0.006
Metric val/loss improved by 0.000 >= min_delta = 0.0. New best score: 0.006
Metric val/loss improved by 0.000 >= min_delta = 0.0. New best score: 0.006
Metric val/loss improved by 0.000 >= min_delta = 0.0. New best score: 0.006
Metric val/loss improved by 0.000 >= min_delta = 0.0. New best score: 0.006
Metric val/loss improved by 0.000 >= min_delta = 0.0. New best score: 0.006
Metric val/loss improved by 0.000 >= min_delta = 0.0. New best score: 0.006
Metric val/loss improved by 0.000 >= min_delta = 0.0. New best score: 0.006
Metric val/loss improved by 0.000 >= min_delta = 0.0. New best score: 0.006
Metric val/loss improved by 0.000 >= min_delta = 0.0. New best score: 0.006
Metric val/loss improved by 0.000 >= min_delta = 0.0. New best score: 0.006
Metric val/loss improved by 0.000 >= min_delta = 0.0. New best score: 0.006
Metric val/loss improved by 0.000 >= min_delta = 0.0. New best score: 0.006
Metric val/loss improved by 0.000 >= min_delta = 0.0. New best score: 0.006
Metric val/loss improved by 0.000 >= min_delta = 0.0. New best score: 0.006
Metric val/loss improved by 0.000 >= min_delta = 0.0. New best score: 0.006
`Trainer.fit` stopped: `max_epochs=100` reached.
