============================================================================================== 
Warning! Mixing Conda and module environments may lead to corruption of the
user environment. 
We do not recommend users mixing those two environments unless absolutely
necessary. Note that 
SURF does not provide any support for Conda environment.
For more information, please refer to our software policy page:
https://servicedesk.surf.nl/wiki/display/WIKI/Software+policy+Snellius#SoftwarepolicySnellius-UseofAnacondaandMinicondaenvironmentsonSnellius 

Remember that many packages have already been installed on the system and can
be loaded using 
the 'module load <package__name>' command. If you are uncertain if a package is
already available 
on the system, please use 'module avail' or 'module spider' to search for it.
============================================================================================== 
[rank: 0] Seed set to 13
Using bfloat16 Automatic Mixed Precision (AMP)
GPU available: True (cuda), used: True
TPU available: False, using: 0 TPU cores
wandb: WARNING The anonymous setting has no effect and will be removed in a future version.
wandb: Currently logged in as: coenvdelsen to https://api.wandb.ai. Use `wandb login --relogin` to force relogin
wandb: Tracking run with wandb version 0.23.1
wandb: Run data is saved locally in logs/wandb/run-20251217_092312-6obujkls
wandb: Run `wandb offline` to turn off syncing.
wandb: Syncing run nostatic-nll-3layer
wandb: â­ï¸ View project at https://wandb.ai/coenvdelsen/neural-field-superres
wandb: ðŸš€ View run at https://wandb.ai/coenvdelsen/neural-field-superres/runs/6obujkls
/home/cvandenelsen/.local/lib/python3.11/site-packages/lightning/pytorch/callbacks/model_checkpoint.py:881: Checkpoint directory /gpfs/home6/cvandenelsen/Neural-Field-Superres/checkpoints/exp_nostatic_nll exists and is not empty.
LOCAL_RANK: 0 - CUDA_VISIBLE_DEVICES: [0]
/home/cvandenelsen/.local/lib/python3.11/site-packages/lightning/pytorch/utilities/model_summary/model_summary.py:242: Precision bf16-mixed is not supported by the model summary.  Estimated model size in MB will not be accurate. Using 32 bits instead.

  | Name       | Type                              | Params | Mode  | FLOPs
---------------------------------------------------------------------------------
0 | model      | NeuralFieldSuperRes               | 3.7 M  | train | 0    
1 | likelihood | HeteroscedasticGaussianLikelihood | 0      | train | 0    
---------------------------------------------------------------------------------
3.7 M     Trainable params
0         Non-trainable params
3.7 M     Total params
14.739    Total estimated model params size (MB)
31        Modules in train mode
0         Modules in eval mode
0         Total Flops
SLURM auto-requeueing enabled. Setting signal handlers.
Metric val/loss improved. New best score: -0.393
Metric val/loss improved by 0.115 >= min_delta = 0.0. New best score: -0.508
Metric val/loss improved by 0.309 >= min_delta = 0.0. New best score: -0.817
Metric val/loss improved by 0.021 >= min_delta = 0.0. New best score: -0.838
Metric val/loss improved by 0.202 >= min_delta = 0.0. New best score: -1.039
Metric val/loss improved by 0.014 >= min_delta = 0.0. New best score: -1.054
Metric val/loss improved by 0.031 >= min_delta = 0.0. New best score: -1.084
Metric val/loss improved by 0.109 >= min_delta = 0.0. New best score: -1.193
Metric val/loss improved by 0.033 >= min_delta = 0.0. New best score: -1.225
Metric val/loss improved by 0.022 >= min_delta = 0.0. New best score: -1.247
Metric val/loss improved by 0.003 >= min_delta = 0.0. New best score: -1.250
Metric val/loss improved by 0.025 >= min_delta = 0.0. New best score: -1.276
Metric val/loss improved by 0.026 >= min_delta = 0.0. New best score: -1.301
Metric val/loss improved by 0.007 >= min_delta = 0.0. New best score: -1.309
Metric val/loss improved by 0.009 >= min_delta = 0.0. New best score: -1.318
Metric val/loss improved by 0.012 >= min_delta = 0.0. New best score: -1.330
Metric val/loss improved by 0.004 >= min_delta = 0.0. New best score: -1.334
Metric val/loss improved by 0.023 >= min_delta = 0.0. New best score: -1.358
Metric val/loss improved by 0.005 >= min_delta = 0.0. New best score: -1.362
Metric val/loss improved by 0.000 >= min_delta = 0.0. New best score: -1.362
Metric val/loss improved by 0.010 >= min_delta = 0.0. New best score: -1.372
Metric val/loss improved by 0.002 >= min_delta = 0.0. New best score: -1.374
Metric val/loss improved by 0.001 >= min_delta = 0.0. New best score: -1.376
`Trainer.fit` stopped: `max_epochs=100` reached.
